c:\users\qiu_jy\desktop\cracker_39\day67_20210316_mfc_cad09_补课\qiuspy++\debug\qiuspy++.pch
c:\users\qiu_jy\desktop\cracker_39\day67_20210316_mfc_cad09_补课\qiuspy++\debug\vc142.pdb
c:\users\qiu_jy\desktop\cracker_39\day67_20210316_mfc_cad09_补课\qiuspy++\debug\vc142.idb
c:\users\qiu_jy\desktop\cracker_39\day67_20210316_mfc_cad09_补课\qiuspy++\debug\pch.obj
c:\users\qiu_jy\desktop\cracker_39\day67_20210316_mfc_cad09_补课\qiuspy++\debug\qiuspy++dlg.obj
c:\users\qiu_jy\desktop\cracker_39\day67_20210316_mfc_cad09_补课\qiuspy++\debug\qiuspy++.obj
c:\users\qiu_jy\desktop\cracker_39\day67_20210316_mfc_cad09_补课\qiuspy++\debug\cqiupropertydlg.obj
c:\users\qiu_jy\desktop\cracker_39\day67_20210316_mfc_cad09_补课\qiuspy++\debug\cpagestyledlg.obj
c:\users\qiu_jy\desktop\cracker_39\day67_20210316_mfc_cad09_补课\qiuspy++\debug\cpageprocessdlg.obj
c:\users\qiu_jy\desktop\cracker_39\day67_20210316_mfc_cad09_补课\qiuspy++\debug\cpagegeneraldlg.obj
c:\users\qiu_jy\desktop\cracker_39\day67_20210316_mfc_cad09_补课\qiuspy++\debug\cpageclassdlg.obj
c:\users\qiu_jy\desktop\cracker_39\day67_20210316_mfc_cad09_补课\qiuspy++\debug\cmystatic.obj
c:\users\qiu_jy\desktop\cracker_39\day67_20210316_mfc_cad09_补课\qiuspy++\debug\cpagewindowdlg.obj
c:\users\qiu_jy\desktop\cracker_39\day67_20210316_mfc_cad09_补课\qiuspy++\debug\qiuspy++.exe
c:\users\qiu_jy\desktop\cracker_39\day67_20210316_mfc_cad09_补课\qiuspy++\debug\qiuspy++.ilk
c:\users\qiu_jy\desktop\cracker_39\day67_20210316_mfc_cad09_补课\qiuspy++\debug\qiuspy++.pdb
c:\users\qiu_jy\desktop\cracker_39\day67_20210316_mfc_cad09_补课\qiuspy++\debug\qiuspy.res
c:\users\qiu_jy\desktop\cracker_39\day67_20210316_mfc_cad09_补课\qiuspy++\debug\qiuspy++.tlog\cl.command.1.tlog
c:\users\qiu_jy\desktop\cracker_39\day67_20210316_mfc_cad09_补课\qiuspy++\debug\qiuspy++.tlog\cl.read.1.tlog
c:\users\qiu_jy\desktop\cracker_39\day67_20210316_mfc_cad09_补课\qiuspy++\debug\qiuspy++.tlog\cl.write.1.tlog
c:\users\qiu_jy\desktop\cracker_39\day67_20210316_mfc_cad09_补课\qiuspy++\debug\qiuspy++.tlog\link.command.1.tlog
c:\users\qiu_jy\desktop\cracker_39\day67_20210316_mfc_cad09_补课\qiuspy++\debug\qiuspy++.tlog\link.read.1.tlog
c:\users\qiu_jy\desktop\cracker_39\day67_20210316_mfc_cad09_补课\qiuspy++\debug\qiuspy++.tlog\link.write.1.tlog
c:\users\qiu_jy\desktop\cracker_39\day67_20210316_mfc_cad09_补课\qiuspy++\debug\qiuspy++.tlog\rc.command.1.tlog
c:\users\qiu_jy\desktop\cracker_39\day67_20210316_mfc_cad09_补课\qiuspy++\debug\qiuspy++.tlog\rc.read.1.tlog
c:\users\qiu_jy\desktop\cracker_39\day67_20210316_mfc_cad09_补课\qiuspy++\debug\qiuspy++.tlog\rc.write.1.tlog
